0 info it worked if it ends with ok
1 verbose cli [ 'C:\\Program Files\\nodejs\\node.exe',
1 verbose cli   'C:\\Program Files\\nodejs\\node_modules\\npm\\bin\\npm-cli.js',
1 verbose cli   'run',
1 verbose cli   'dev' ]
2 info using npm@3.10.10
3 info using node@v6.9.5
4 verbose run-script [ 'predev', 'dev', 'postdev' ]
5 info lifecycle blog@1.0.0~predev: blog@1.0.0
6 silly lifecycle blog@1.0.0~predev: no script for predev, continuing
7 info lifecycle blog@1.0.0~dev: blog@1.0.0
8 verbose lifecycle blog@1.0.0~dev: unsafe-perm in lifecycle true
9 verbose lifecycle blog@1.0.0~dev: PATH: C:\Users\Administrator\AppData\Roaming\nvm\v6.9.5\node_modules\npm\bin\node-gyp-bin;C:\Users\Administrator\Desktop\works2\lastBlog\node_modules\.bin;C:\Program Files\Git\mingw64\bin;C:\Program Files\Git\usr\bin;C:\Users\Administrator\bin;C:\WINDOWS\system32;C:\WINDOWS;C:\WINDOWS\System32\Wbem;C:\WINDOWS\System32\WindowsPowerShell\v1.0;C:\Users\Administrator\AppData\Roaming\nvm;C:\Program Files\nodejs;C:\Program Files\PuTTY;D:\Program Files\OpenSSH\bin;D:\Program Files\Cloud Foundry;C:\Python27;C:\Python27\Scripts;D:\Program Files\MongoDB\Server\3.6\bin;D:\Program Files (x86)\Microsoft VS Code\bin;C:\Program Files\Git;C:\Program Files\Git\usr\bin;C:\Users\Administrator\AppData\Roaming\nvm;C:\Program Files\nodejs;C:\Users\Administrator\AppData\Local\Microsoft\WindowsApps;D:\Users\Administrator\AppData\Local\Programs\Fiddler
10 verbose lifecycle blog@1.0.0~dev: CWD: C:\Users\Administrator\Desktop\works2\lastBlog
11 silly lifecycle blog@1.0.0~dev: Args: [ '/d /s /c', 'node start_dev.js' ]
12 verbose stack Error: kill ENOSYS
12 verbose stack     at exports._errnoException (util.js:1022:11)
12 verbose stack     at process.kill (internal/process.js:172:13)
12 verbose stack     at process.listener (C:\Users\Administrator\AppData\Roaming\nvm\v6.9.5\node_modules\npm\node_modules\npmlog\node_modules\gauge\node_modules\signal-exit\index.js:86:15)
12 verbose stack     at emitNone (events.js:91:20)
12 verbose stack     at process.emit (events.js:185:7)
12 verbose stack     at processEmit (C:\Users\Administrator\AppData\Roaming\nvm\v6.9.5\node_modules\npm\node_modules\npmlog\node_modules\gauge\node_modules\signal-exit\index.js:146:32)
12 verbose stack     at processEmit (C:\Users\Administrator\AppData\Roaming\nvm\v6.9.5\node_modules\npm\node_modules\npm-registry-client\node_modules\npmlog\node_modules\gauge\node_modules\signal-exit\index.js:146:32)
12 verbose stack     at Signal.wrap.onsignal (internal/process.js:199:44)
13 verbose cwd C:\Users\Administrator\Desktop\works2\lastBlog
14 error Windows_NT 10.0.16299
15 error argv "C:\\Program Files\\nodejs\\node.exe" "C:\\Program Files\\nodejs\\node_modules\\npm\\bin\\npm-cli.js" "run" "dev"
16 error node v6.9.5
17 error npm  v3.10.10
18 error code ENOSYS
19 error errno ENOSYS
20 error syscall kill
21 error kill ENOSYS
22 error If you need help, you may report this error at:
22 error     <https://github.com/npm/npm/issues>
23 verbose exit [ 1, true ]
